# JRE version: Java(TM) SE Runtime Environment (8.0_131-b11) (build 1.8.0_131-b11)
# Java VM: Java HotSpot(TM) 64-Bit Server VM (25.131-b11 mixed mode linux-amd64 compressed oops)
Heap:
 PSYoungGen      total 330752K, used 56245K [0x00000000eba00000, 0x0000000100000000, 0x0000000100000000)
  eden space 327680K, 17% used [0x00000000eba00000,0x00000000ef09ede8,0x00000000ffa00000)
  from space 3072K, 10% used [0x00000000ffd00000,0x00000000ffd4e790,0x0000000100000000)
  to   space 3072K, 0% used [0x00000000ffa00000,0x00000000ffa00000,0x00000000ffd00000)
 ParOldGen       total 182784K, used 121414K [0x00000000c2e00000, 0x00000000ce080000, 0x00000000eba00000)
  object space 182784K, 66% used [0x00000000c2e00000,0x00000000ca4919a0,0x00000000ce080000)
 Metaspace       used 33518K, capacity 33946K, committed 34352K, reserved 1079296K
  class space    used 4166K, capacity 4281K, committed 4400K, reserved 1048576K
GC Heap History (10 events):
Event: 442.186 GC heap before
{Heap before GC invocations=126 (full 15):
 PSYoungGen      total 331264K, used 330135K [0x00000000eba00000, 0x0000000100000000, 0x0000000100000000)
  eden space 328704K, 100% used [0x00000000eba00000,0x00000000ffb00000,0x00000000ffb00000)
  from space 2560K, 55% used [0x00000000ffd80000,0x00000000ffee5f20,0x0000000100000000)
  to   space 2560K, 0% used [0x00000000ffb00000,0x00000000ffb00000,0x00000000ffd80000)
 ParOldGen       total 182784K, used 121289K [0x00000000c2e00000, 0x00000000ce080000, 0x00000000eba00000)
  object space 182784K, 66% used [0x00000000c2e00000,0x00000000ca472500,0x00000000ce080000)
 Metaspace       used 33422K, capacity 33818K, committed 34096K, reserved 1079296K
  class space    used 4162K, capacity 4281K, committed 4400K, reserved 1048576K
Event: 442.188 GC heap after
Heap after GC invocations=126 (full 15):
 PSYoungGen      total 331264K, used 1587K [0x00000000eba00000, 0x0000000100000000, 0x0000000100000000)
  eden space 328704K, 0% used [0x00000000eba00000,0x00000000eba00000,0x00000000ffb00000)
  from space 2560K, 62% used [0x00000000ffb00000,0x00000000ffc8ce28,0x00000000ffd80000)
  to   space 2560K, 0% used [0x00000000ffd80000,0x00000000ffd80000,0x0000000100000000)
 ParOldGen       total 182784K, used 121289K [0x00000000c2e00000, 0x00000000ce080000, 0x00000000eba00000)
  object space 182784K, 66% used [0x00000000c2e00000,0x00000000ca472500,0x00000000ce080000)
 Metaspace       used 33422K, capacity 33818K, committed 34096K, reserved 1079296K
  class space    used 4162K, capacity 4281K, committed 4400K, reserved 1048576K
}
Event: 442.301 GC heap before
{Heap before GC invocations=127 (full 15):
 PSYoungGen      total 331264K, used 133907K [0x00000000eba00000, 0x0000000100000000, 0x0000000100000000)
  eden space 328704K, 40% used [0x00000000eba00000,0x00000000f3b38020,0x00000000ffb00000)
  from space 2560K, 62% used [0x00000000ffb00000,0x00000000ffc8ce28,0x00000000ffd80000)
  to   space 2560K, 0% used [0x00000000ffd80000,0x00000000ffd80000,0x0000000100000000)
 ParOldGen       total 182784K, used 121289K [0x00000000c2e00000, 0x00000000ce080000, 0x00000000eba00000)
  object space 182784K, 66% used [0x00000000c2e00000,0x00000000ca472500,0x00000000ce080000)
 Metaspace       used 33450K, capacity 33882K, committed 34352K, reserved 1079296K
  class space    used 4162K, capacity 4281K, committed 4400K, reserved 1048576K
Event: 442.304 GC heap after
Heap after GC invocations=127 (full 15):
 PSYoungGen      total 330240K, used 2446K [0x00000000eba00000, 0x0000000100000000, 0x0000000100000000)
  eden space 327680K, 0% used [0x00000000eba00000,0x00000000eba00000,0x00000000ffa00000)
  from space 2560K, 95% used [0x00000000ffd80000,0x00000000fffe3ac0,0x0000000100000000)
  to   space 3072K, 0% used [0x00000000ffa00000,0x00000000ffa00000,0x00000000ffd00000)
 ParOldGen       total 182784K, used 121297K [0x00000000c2e00000, 0x00000000ce080000, 0x00000000eba00000)
  object space 182784K, 66% used [0x00000000c2e00000,0x00000000ca474500,0x00000000ce080000)
 Metaspace       used 33450K, capacity 33882K, committed 34352K, reserved 1079296K
  class space    used 4162K, capacity 4281K, committed 4400K, reserved 1048576K
}
Event: 442.304 GC heap before
{Heap before GC invocations=128 (full 16):
 PSYoungGen      total 330240K, used 2446K [0x00000000eba00000, 0x0000000100000000, 0x0000000100000000)
  eden space 327680K, 0% used [0x00000000eba00000,0x00000000eba00000,0x00000000ffa00000)
  from space 2560K, 95% used [0x00000000ffd80000,0x00000000fffe3ac0,0x0000000100000000)
  to   space 3072K, 0% used [0x00000000ffa00000,0x00000000ffa00000,0x00000000ffd00000)
 ParOldGen       total 182784K, used 121297K [0x00000000c2e00000, 0x00000000ce080000, 0x00000000eba00000)
  object space 182784K, 66% used [0x00000000c2e00000,0x00000000ca474500,0x00000000ce080000)
 Metaspace       used 33450K, capacity 33882K, committed 34352K, reserved 1079296K
  class space    used 4162K, capacity 4281K, committed 4400K, reserved 1048576K
Event: 442.498 GC heap after
Heap after GC invocations=128 (full 16):
 PSYoungGen      total 330240K, used 0K [0x00000000eba00000, 0x0000000100000000, 0x0000000100000000)
  eden space 327680K, 0% used [0x00000000eba00000,0x00000000eba00000,0x00000000ffa00000)
  from space 2560K, 0% used [0x00000000ffd80000,0x00000000ffd80000,0x0000000100000000)
  to   space 3072K, 0% used [0x00000000ffa00000,0x00000000ffa00000,0x00000000ffd00000)
 ParOldGen       total 182784K, used 121398K [0x00000000c2e00000, 0x00000000ce080000, 0x00000000eba00000)
  object space 182784K, 66% used [0x00000000c2e00000,0x00000000ca48d9a0,0x00000000ce080000)
 Metaspace       used 33450K, capacity 33882K, committed 34352K, reserved 1079296K
  class space    used 4162K, capacity 4281K, committed 4400K, reserved 1048576K
}
Event: 481.683 GC heap before
{Heap before GC invocations=129 (full 16):
 PSYoungGen      total 330240K, used 327680K [0x00000000eba00000, 0x0000000100000000, 0x0000000100000000)
  eden space 327680K, 100% used [0x00000000eba00000,0x00000000ffa00000,0x00000000ffa00000)
  from space 2560K, 0% used [0x00000000ffd80000,0x00000000ffd80000,0x0000000100000000)
  to   space 3072K, 0% used [0x00000000ffa00000,0x00000000ffa00000,0x00000000ffd00000)
 ParOldGen       total 182784K, used 121398K [0x00000000c2e00000, 0x00000000ce080000, 0x00000000eba00000)
  object space 182784K, 66% used [0x00000000c2e00000,0x00000000ca48d9a0,0x00000000ce080000)
 Metaspace       used 33465K, capacity 33882K, committed 34352K, reserved 1079296K
  class space    used 4162K, capacity 4281K, committed 4400K, reserved 1048576K
Event: 481.685 GC heap after
Heap after GC invocations=129 (full 16):
 PSYoungGen      total 330752K, used 281K [0x00000000eba00000, 0x0000000100000000, 0x0000000100000000)
  eden space 327680K, 0% used [0x00000000eba00000,0x00000000eba00000,0x00000000ffa00000)
  from space 3072K, 9% used [0x00000000ffa00000,0x00000000ffa46790,0x00000000ffd00000)
  to   space 3072K, 0% used [0x00000000ffd00000,0x00000000ffd00000,0x0000000100000000)
 ParOldGen       total 182784K, used 121406K [0x00000000c2e00000, 0x00000000ce080000, 0x00000000eba00000)
  object space 182784K, 66% used [0x00000000c2e00000,0x00000000ca48f9a0,0x00000000ce080000)
 Metaspace       used 33465K, capacity 33882K, committed 34352K, reserved 1079296K
  class space    used 4162K, capacity 4281K, committed 4400K, reserved 1048576K
}
Event: 1138.887 GC heap before
{Heap before GC invocations=130 (full 16):
 PSYoungGen      total 330752K, used 327961K [0x00000000eba00000, 0x0000000100000000, 0x0000000100000000)
  eden space 327680K, 100% used [0x00000000eba00000,0x00000000ffa00000,0x00000000ffa00000)
  from space 3072K, 9% used [0x00000000ffa00000,0x00000000ffa46790,0x00000000ffd00000)
  to   space 3072K, 0% used [0x00000000ffd00000,0x00000000ffd00000,0x0000000100000000)
 ParOldGen       total 182784K, used 121406K [0x00000000c2e00000, 0x00000000ce080000, 0x00000000eba00000)
  object space 182784K, 66% used [0x00000000c2e00000,0x00000000ca48f9a0,0x00000000ce080000)
 Metaspace       used 33483K, capacity 33882K, committed 34352K, reserved 1079296K
  class space    used 4163K, capacity 4281K, committed 4400K, reserved 1048576K
Event: 1138.889 GC heap after
Heap after GC invocations=130 (full 16):
 PSYoungGen      total 330752K, used 313K [0x00000000eba00000, 0x0000000100000000, 0x0000000100000000)
  eden space 327680K, 0% used [0x00000000eba00000,0x00000000eba00000,0x00000000ffa00000)
  from space 3072K, 10% used [0x00000000ffd00000,0x00000000ffd4e790,0x0000000100000000)
  to   space 3072K, 0% used [0x00000000ffa00000,0x00000000ffa00000,0x00000000ffd00000)
 ParOldGen       total 182784K, used 121414K [0x00000000c2e00000, 0x00000000ce080000, 0x00000000eba00000)
  object space 182784K, 66% used [0x00000000c2e00000,0x00000000ca4919a0,0x00000000ce080000)
 Metaspace       used 33483K, capacity 33882K, committed 34352K, reserved 1079296K
  class space    used 4163K, capacity 4281K, committed 4400K, reserved 1048576K
}

